<?xml version="1.0" encoding="UTF-8"?>
<robot generator="Robot 3.1.1 (Python 3.7.2 on win32)" generated="20190326 14:49:12.652" rpa="false">
<suite id="s1" name="Tests" source="D:\Git\github\Robot_Framework_Recap\Robot_Framework_Recap\Tests">
<suite id="s1-s1" name="Amazon" source="D:\Git\github\Robot_Framework_Recap\Robot_Framework_Recap\Tests\Amazon.robot">
<test id="s1-s1-t1" name="User must sign in to check out">
<kw name="Open Browser" library="SeleniumLibrary">
<doc>Opens a new browser instance to the given ``url``.</doc>
<arguments>
<arg>about:blank</arg>
<arg>${browser}</arg>
</arguments>
<msg timestamp="20190326 14:49:12.795" level="INFO">Opening browser 'gc' to base url 'about:blank'.</msg>
<status status="PASS" starttime="20190326 14:49:12.795" endtime="20190326 14:49:14.861"></status>
</kw>
<kw name="Maximize Browser Window" library="SeleniumLibrary">
<doc>Maximizes current browser window.</doc>
<status status="PASS" starttime="20190326 14:49:14.861" endtime="20190326 14:49:15.973"></status>
</kw>
<kw name="Go To" library="SeleniumLibrary">
<doc>Navigates the active browser instance to the provided ``url``.</doc>
<arguments>
<arg>${url}</arg>
</arguments>
<msg timestamp="20190326 14:49:15.973" level="INFO">Opening url 'http://www.amazon.com'</msg>
<status status="PASS" starttime="20190326 14:49:15.973" endtime="20190326 14:49:19.357"></status>
</kw>
<kw name="Wait Until Page Contains" library="SeleniumLibrary">
<doc>Waits until ``text`` appears on current page.</doc>
<arguments>
<arg>${header}</arg>
</arguments>
<status status="PASS" starttime="20190326 14:49:19.357" endtime="20190326 14:49:19.407"></status>
</kw>
<kw name="Input Text" library="SeleniumLibrary">
<doc>Types the given ``text`` into text field identified by ``locator``.</doc>
<arguments>
<arg>${search_field}</arg>
<arg>${search_term}</arg>
</arguments>
<msg timestamp="20190326 14:49:19.408" level="INFO">Typing text 'Gantz Omnibus 1' into text field 'id=twotabsearchtextbox'.</msg>
<status status="PASS" starttime="20190326 14:49:19.407" endtime="20190326 14:49:19.510"></status>
</kw>
<kw name="Click Button" library="SeleniumLibrary">
<doc>Clicks button identified by ``locator``.</doc>
<arguments>
<arg>${search_button}</arg>
</arguments>
<msg timestamp="20190326 14:49:19.510" level="INFO">Clicking button 'xpath://input[@value='Go']'.</msg>
<status status="PASS" starttime="20190326 14:49:19.510" endtime="20190326 14:49:20.904"></status>
</kw>
<kw name="Wait Until Page Contains" library="SeleniumLibrary">
<doc>Waits until ``text`` appears on current page.</doc>
<arguments>
<arg>${search_result}</arg>
</arguments>
<status status="PASS" starttime="20190326 14:49:20.904" endtime="20190326 14:49:20.922"></status>
</kw>
<kw name="Click Element" library="SeleniumLibrary">
<doc>Click element identified by ``locator``.</doc>
<arguments>
<arg>${product_link}</arg>
</arguments>
<msg timestamp="20190326 14:49:20.922" level="INFO">Clicking element 'xpath://span[contains(text(),'Gantz Omnibus 1')]'.</msg>
<status status="PASS" starttime="20190326 14:49:20.922" endtime="20190326 14:49:20.975"></status>
</kw>
<kw name="Wait Until Page Contains" library="SeleniumLibrary">
<doc>Waits until ``text`` appears on current page.</doc>
<arguments>
<arg>${product_page}</arg>
</arguments>
<kw name="Capture Page Screenshot" library="SeleniumLibrary">
<doc>Takes screenshot of the current page and embeds it into log file.</doc>
<msg timestamp="20190326 14:49:26.781" level="INFO" html="yes">&lt;/td&gt;&lt;/tr&gt;&lt;tr&gt;&lt;td colspan="3"&gt;&lt;a href="selenium-screenshot-2.png"&gt;&lt;img src="selenium-screenshot-2.png" width="800px"&gt;&lt;/a&gt;</msg>
<status status="PASS" starttime="20190326 14:49:26.122" endtime="20190326 14:49:26.781"></status>
</kw>
<msg timestamp="20190326 14:49:26.782" level="FAIL">Text 'Back to results' did not appear in 5 seconds.</msg>
<status status="FAIL" starttime="20190326 14:49:20.975" endtime="20190326 14:49:26.782"></status>
</kw>
<doc>This is some basic info</doc>
<tags>
<tag>Smoke</tag>
</tags>
<status status="FAIL" starttime="20190326 14:49:12.795" endtime="20190326 14:49:26.782" critical="yes">Text 'Back to results' did not appear in 5 seconds.</status>
</test>
<status status="FAIL" starttime="20190326 14:49:12.672" endtime="20190326 14:49:26.783"></status>
</suite>
<status status="FAIL" starttime="20190326 14:49:12.654" endtime="20190326 14:49:26.784"></status>
</suite>
<statistics>
<total>
<stat pass="0" fail="1">Critical Tests</stat>
<stat pass="0" fail="1">All Tests</stat>
</total>
<tag>
<stat pass="0" fail="1">Smoke</stat>
</tag>
<suite>
<stat pass="0" fail="1" id="s1" name="Tests">Tests</stat>
<stat pass="0" fail="1" id="s1-s1" name="Amazon">Tests.Amazon</stat>
</suite>
</statistics>
<errors>
</errors>
</robot>
