<?xml version="1.0" encoding="UTF-8"?>
<robot generator="Robot 3.1.1 (Python 3.7.2 on win32)" generated="20190403 09:56:30.541" rpa="false">
<suite id="s1" name="Amazon" source="D:\Git\github\Robot_Framework_Recap\Robot_Framework_Recap\Tests\amazon.robot">
<kw name="Insert testing data" library="Common" type="setup">
<kw name="Log" library="BuiltIn">
<doc>Logs the given message with the given level.</doc>
<arguments>
<arg>Inserting testing data</arg>
</arguments>
<msg timestamp="20190403 09:56:30.728" level="INFO">Inserting testing data</msg>
<status status="PASS" starttime="20190403 09:56:30.728" endtime="20190403 09:56:30.729"></status>
</kw>
<status status="PASS" starttime="20190403 09:56:30.728" endtime="20190403 09:56:30.729"></status>
</kw>
<test id="s1-t1" name="User should not able to log in with invalid credentials">
<kw name="Begin web test" library="Common" type="setup">
<kw name="Open Browser" library="SeleniumLibrary">
<doc>Opens a new browser instance to the given ``url``.</doc>
<arguments>
<arg>about:blank</arg>
<arg>${BROWSER}</arg>
</arguments>
<msg timestamp="20190403 09:56:30.729" level="INFO">Opening browser 'gc' to base url 'about:blank'.</msg>
<status status="PASS" starttime="20190403 09:56:30.729" endtime="20190403 09:56:32.882"></status>
</kw>
<kw name="Maximize Browser Window" library="SeleniumLibrary">
<doc>Maximizes current browser window.</doc>
<status status="PASS" starttime="20190403 09:56:32.882" endtime="20190403 09:56:33.997"></status>
</kw>
<kw name="Set Selenium Implicit Wait" library="SeleniumLibrary">
<doc>Sets the implicit wait value used by Selenium.</doc>
<arguments>
<arg>${IMPLICIT_WAIT}</arg>
</arguments>
<status status="PASS" starttime="20190403 09:56:33.997" endtime="20190403 09:56:33.999"></status>
</kw>
<status status="PASS" starttime="20190403 09:56:30.729" endtime="20190403 09:56:33.999"></status>
</kw>
<kw name="Go to Url" library="AmazonUI">
<kw name="Load" library="LandingPage">
<kw name="Go To" library="SeleniumLibrary">
<doc>Navigates the active browser instance to the provided ``url``.</doc>
<arguments>
<arg>${START_URL}</arg>
</arguments>
<msg timestamp="20190403 09:56:34.000" level="INFO">Opening url 'http://www.amazon.com'</msg>
<status status="PASS" starttime="20190403 09:56:34.000" endtime="20190403 09:56:36.478"></status>
</kw>
<status status="PASS" starttime="20190403 09:56:33.999" endtime="20190403 09:56:36.478"></status>
</kw>
<status status="PASS" starttime="20190403 09:56:33.999" endtime="20190403 09:56:36.478"></status>
</kw>
<kw name="Click login button in topnav" library="AmazonUI">
<kw name="Click login button" library="TopNav">
<kw name="Click Element" library="SeleniumLibrary">
<doc>Click element identified by ``locator``.</doc>
<arguments>
<arg>${TOPNAV_LOGIN_BUTTON}</arg>
</arguments>
<msg timestamp="20190403 09:56:36.479" level="INFO">Clicking element '//span[contains(text(),'Hello, Sign in')]'.</msg>
<status status="PASS" starttime="20190403 09:56:36.478" endtime="20190403 09:56:37.560"></status>
</kw>
<status status="PASS" starttime="20190403 09:56:36.478" endtime="20190403 09:56:37.560"></status>
</kw>
<status status="PASS" starttime="20190403 09:56:36.478" endtime="20190403 09:56:37.560"></status>
</kw>
<kw name="Login with invalid credentials" library="AmazonUI">
<arguments>
<arg>${EMAIL}</arg>
<arg>${PASSWORD}</arg>
</arguments>
<kw name="Invalid credentials" library="SignIn">
<arguments>
<arg>${email}</arg>
<arg>${password}</arg>
</arguments>
<kw name="Fill email field" library="SignIn">
<arguments>
<arg>${email}</arg>
</arguments>
<kw name="Input Text" library="SeleniumLibrary">
<doc>Types the given ``text`` into text field identified by ``locator``.</doc>
<arguments>
<arg>${EMAIL_FIELD}</arg>
<arg>${email}</arg>
</arguments>
<msg timestamp="20190403 09:56:37.563" level="INFO">Typing text 'username' into text field 'id=ap_email'.</msg>
<status status="PASS" starttime="20190403 09:56:37.563" endtime="20190403 09:56:37.642"></status>
</kw>
<status status="PASS" starttime="20190403 09:56:37.562" endtime="20190403 09:56:37.642"></status>
</kw>
<kw name="Fill password field" library="SignIn">
<arguments>
<arg>${password}</arg>
</arguments>
<kw name="Input Password" library="SeleniumLibrary">
<doc>Types the given password into text field identified by ``locator``.</doc>
<arguments>
<arg>${PASSWORD_FIELD}</arg>
<arg>${password}</arg>
</arguments>
<msg timestamp="20190403 09:56:37.642" level="INFO">Typing password into text field 'id=ap_password'.</msg>
<status status="PASS" starttime="20190403 09:56:37.642" endtime="20190403 09:56:37.702"></status>
</kw>
<status status="PASS" starttime="20190403 09:56:37.642" endtime="20190403 09:56:37.702"></status>
</kw>
<kw name="Click sign in button" library="SignIn">
<kw name="Click Button" library="SeleniumLibrary">
<doc>Clicks button identified by ``locator``.</doc>
<arguments>
<arg>${SIGNIN_BUTTON}</arg>
</arguments>
<msg timestamp="20190403 09:56:37.702" level="INFO">Clicking button 'id=signInSubmit'.</msg>
<status status="PASS" starttime="20190403 09:56:37.702" endtime="20190403 09:56:38.431"></status>
</kw>
<status status="PASS" starttime="20190403 09:56:37.702" endtime="20190403 09:56:38.431"></status>
</kw>
<kw name="Element Text Should Be" library="SeleniumLibrary">
<doc>Verifies that element ``locator`` contains exact text ``expected``.</doc>
<arguments>
<arg>${SIGNIN_MAIN_HEADING}</arg>
<arg>Sign in</arg>
</arguments>
<msg timestamp="20190403 09:56:38.431" level="INFO">Verifying element '//h1' contains exact text 'Sign in'.</msg>
<status status="PASS" starttime="20190403 09:56:38.431" endtime="20190403 09:56:38.454"></status>
</kw>
<status status="PASS" starttime="20190403 09:56:37.562" endtime="20190403 09:56:38.454"></status>
</kw>
<status status="PASS" starttime="20190403 09:56:37.562" endtime="20190403 09:56:38.454"></status>
</kw>
<kw name="End web test" library="Common" type="teardown">
<kw name="Close Browser" library="SeleniumLibrary">
<doc>Closes the current browser.</doc>
<status status="PASS" starttime="20190403 09:56:38.455" endtime="20190403 09:56:40.541"></status>
</kw>
<status status="PASS" starttime="20190403 09:56:38.455" endtime="20190403 09:56:40.541"></status>
</kw>
<status status="PASS" starttime="20190403 09:56:30.729" endtime="20190403 09:56:40.541" critical="yes"></status>
</test>
<test id="s1-t2" name="User must sign in to check out">
<kw name="Begin web test" library="Common" type="setup">
<kw name="Open Browser" library="SeleniumLibrary">
<doc>Opens a new browser instance to the given ``url``.</doc>
<arguments>
<arg>about:blank</arg>
<arg>${BROWSER}</arg>
</arguments>
<msg timestamp="20190403 09:56:40.543" level="INFO">Opening browser 'gc' to base url 'about:blank'.</msg>
<status status="PASS" starttime="20190403 09:56:40.543" endtime="20190403 09:56:42.633"></status>
</kw>
<kw name="Maximize Browser Window" library="SeleniumLibrary">
<doc>Maximizes current browser window.</doc>
<status status="PASS" starttime="20190403 09:56:42.633" endtime="20190403 09:56:43.749"></status>
</kw>
<kw name="Set Selenium Implicit Wait" library="SeleniumLibrary">
<doc>Sets the implicit wait value used by Selenium.</doc>
<arguments>
<arg>${IMPLICIT_WAIT}</arg>
</arguments>
<status status="PASS" starttime="20190403 09:56:43.749" endtime="20190403 09:56:43.750"></status>
</kw>
<status status="PASS" starttime="20190403 09:56:40.543" endtime="20190403 09:56:43.751"></status>
</kw>
<kw name="Go to Url" library="AmazonUI">
<kw name="Load" library="LandingPage">
<kw name="Go To" library="SeleniumLibrary">
<doc>Navigates the active browser instance to the provided ``url``.</doc>
<arguments>
<arg>${START_URL}</arg>
</arguments>
<msg timestamp="20190403 09:56:43.751" level="INFO">Opening url 'http://www.amazon.com'</msg>
<status status="PASS" starttime="20190403 09:56:43.751" endtime="20190403 09:56:45.569"></status>
</kw>
<status status="PASS" starttime="20190403 09:56:43.751" endtime="20190403 09:56:45.569"></status>
</kw>
<status status="PASS" starttime="20190403 09:56:43.751" endtime="20190403 09:56:45.569"></status>
</kw>
<kw name="Search for products" library="AmazonUI">
<kw name="Verify page loaded" library="LandingPage">
<kw name="Wait Until Page Contains" library="SeleniumLibrary">
<doc>Waits until ``text`` appears on current page.</doc>
<arguments>
<arg>${YOUR_AMAZON_TOPNAV_LINK}</arg>
</arguments>
<status status="PASS" starttime="20190403 09:56:45.570" endtime="20190403 09:56:45.640"></status>
</kw>
<status status="PASS" starttime="20190403 09:56:45.570" endtime="20190403 09:56:45.640"></status>
</kw>
<kw name="Search for products in topnav" library="TopNav">
<kw name="Enter search term" library="TopNav">
<kw name="Input Text" library="SeleniumLibrary">
<doc>Types the given ``text`` into text field identified by ``locator``.</doc>
<arguments>
<arg>${TOPNAV_SEARCH_BAR}</arg>
<arg>${SEARCH_TERM}</arg>
</arguments>
<msg timestamp="20190403 09:56:45.641" level="INFO">Typing text 'Gantz Omnibus 1' into text field 'id=twotabsearchtextbox'.</msg>
<status status="PASS" starttime="20190403 09:56:45.640" endtime="20190403 09:56:46.626"></status>
</kw>
<status status="PASS" starttime="20190403 09:56:45.640" endtime="20190403 09:56:46.626"></status>
</kw>
<kw name="Submit search" library="TopNav">
<kw name="Click Button" library="SeleniumLibrary">
<doc>Clicks button identified by ``locator``.</doc>
<arguments>
<arg>${TOPNAV_SEARCH_BUTTON}</arg>
</arguments>
<msg timestamp="20190403 09:56:46.627" level="INFO">Clicking button '//input[@value='Go']'.</msg>
<status status="PASS" starttime="20190403 09:56:46.626" endtime="20190403 09:56:48.264"></status>
</kw>
<status status="PASS" starttime="20190403 09:56:46.626" endtime="20190403 09:56:48.264"></status>
</kw>
<status status="PASS" starttime="20190403 09:56:45.640" endtime="20190403 09:56:48.264"></status>
</kw>
<kw name="Verify search completed" library="SearchResults">
<kw name="Wait Until Page Contains" library="SeleniumLibrary">
<doc>Waits until ``text`` appears on current page.</doc>
<arguments>
<arg>${SEARCH_TERM}</arg>
</arguments>
<status status="PASS" starttime="20190403 09:56:48.265" endtime="20190403 09:56:48.279"></status>
</kw>
<status status="PASS" starttime="20190403 09:56:48.264" endtime="20190403 09:56:48.279"></status>
</kw>
<status status="PASS" starttime="20190403 09:56:45.570" endtime="20190403 09:56:48.279"></status>
</kw>
<kw name="Select product from search results" library="AmazonUI">
<kw name="Click product link" library="SearchResults">
<kw name="Click Element" library="SeleniumLibrary">
<doc>Click element identified by ``locator``.</doc>
<arguments>
<arg>${SEARCH_RESULT}</arg>
</arguments>
<msg timestamp="20190403 09:56:48.280" level="INFO">Clicking element '//span[contains(text(),'Gantz Omnibus Volume 1')]'.</msg>
<status status="PASS" starttime="20190403 09:56:48.280" endtime="20190403 09:56:50.336"></status>
</kw>
<status status="PASS" starttime="20190403 09:56:48.280" endtime="20190403 09:56:50.336"></status>
</kw>
<kw name="Verify page loaded" library="Product">
<kw name="Wait Until Page Contains" library="SeleniumLibrary">
<doc>Waits until ``text`` appears on current page.</doc>
<arguments>
<arg>Back to results</arg>
</arguments>
<status status="PASS" starttime="20190403 09:56:50.337" endtime="20190403 09:56:50.353"></status>
</kw>
<status status="PASS" starttime="20190403 09:56:50.336" endtime="20190403 09:56:50.353"></status>
</kw>
<status status="PASS" starttime="20190403 09:56:48.280" endtime="20190403 09:56:50.353"></status>
</kw>
<kw name="Add product to cart" library="AmazonUI">
<kw name="Add to cart" library="Product">
<kw name="Click Button" library="SeleniumLibrary">
<doc>Clicks button identified by ``locator``.</doc>
<arguments>
<arg>id:add-to-cart-button</arg>
</arguments>
<msg timestamp="20190403 09:56:50.354" level="INFO">Clicking button 'id:add-to-cart-button'.</msg>
<status status="PASS" starttime="20190403 09:56:50.354" endtime="20190403 09:56:51.519"></status>
</kw>
<status status="PASS" starttime="20190403 09:56:50.354" endtime="20190403 09:56:51.519"></status>
</kw>
<kw name="Verify Product Added" library="Cart">
<kw name="Wait Until Page Contains" library="SeleniumLibrary">
<doc>Waits until ``text`` appears on current page.</doc>
<arguments>
<arg>${ADDED_TO_CART_TEXT}</arg>
</arguments>
<status status="PASS" starttime="20190403 09:56:51.519" endtime="20190403 09:56:51.534"></status>
</kw>
<status status="PASS" starttime="20190403 09:56:51.519" endtime="20190403 09:56:51.534"></status>
</kw>
<status status="PASS" starttime="20190403 09:56:50.354" endtime="20190403 09:56:51.534"></status>
</kw>
<kw name="Begin checkout" library="AmazonUI">
<kw name="Proceed to checkout" library="Cart">
<kw name="Click Link" library="SeleniumLibrary">
<doc>Clicks a link identified by ``locator``.</doc>
<arguments>
<arg>${PROCEED_TO_CHECKOUT_BUTTON}</arg>
</arguments>
<msg timestamp="20190403 09:56:51.535" level="INFO">Clicking link 'id:hlb-ptc-btn-native'.</msg>
<status status="PASS" starttime="20190403 09:56:51.535" endtime="20190403 09:56:52.340"></status>
</kw>
<status status="PASS" starttime="20190403 09:56:51.535" endtime="20190403 09:56:52.340"></status>
</kw>
<kw name="Verify page loaded" library="SignIn">
<kw name="Page Should Contain Element" library="SeleniumLibrary">
<doc>Verifies that element ``locator`` is found on the current page.</doc>
<arguments>
<arg>${SIGNIN_MAIN_HEADING}</arg>
</arguments>
<msg timestamp="20190403 09:56:52.350" level="INFO">Current page contains element '//h1'.</msg>
<status status="PASS" starttime="20190403 09:56:52.341" endtime="20190403 09:56:52.350"></status>
</kw>
<kw name="Element Text Should Be" library="SeleniumLibrary">
<doc>Verifies that element ``locator`` contains exact text ``expected``.</doc>
<arguments>
<arg>${SIGNIN_MAIN_HEADING}</arg>
<arg>Sign in</arg>
</arguments>
<msg timestamp="20190403 09:56:52.350" level="INFO">Verifying element '//h1' contains exact text 'Sign in'.</msg>
<status status="PASS" starttime="20190403 09:56:52.350" endtime="20190403 09:56:52.366"></status>
</kw>
<status status="PASS" starttime="20190403 09:56:52.340" endtime="20190403 09:56:52.366"></status>
</kw>
<status status="PASS" starttime="20190403 09:56:51.534" endtime="20190403 09:56:52.366"></status>
</kw>
<kw name="End web test" library="Common" type="teardown">
<kw name="Close Browser" library="SeleniumLibrary">
<doc>Closes the current browser.</doc>
<status status="PASS" starttime="20190403 09:56:52.367" endtime="20190403 09:56:54.467"></status>
</kw>
<status status="PASS" starttime="20190403 09:56:52.367" endtime="20190403 09:56:54.467"></status>
</kw>
<doc>This is some basic info</doc>
<tags>
<tag>Smoke</tag>
</tags>
<status status="PASS" starttime="20190403 09:56:40.542" endtime="20190403 09:56:54.467" critical="yes"></status>
</test>
<kw name="Cleanup testing data" library="Common" type="teardown">
<kw name="Log" library="BuiltIn">
<doc>Logs the given message with the given level.</doc>
<arguments>
<arg>Cleaning up the testing dta</arg>
</arguments>
<msg timestamp="20190403 09:56:54.469" level="INFO">Cleaning up the testing dta</msg>
<status status="PASS" starttime="20190403 09:56:54.469" endtime="20190403 09:56:54.469"></status>
</kw>
<status status="PASS" starttime="20190403 09:56:54.469" endtime="20190403 09:56:54.469"></status>
</kw>
<status status="PASS" starttime="20190403 09:56:30.543" endtime="20190403 09:56:54.469"></status>
</suite>
<statistics>
<total>
<stat pass="2" fail="0">Critical Tests</stat>
<stat pass="2" fail="0">All Tests</stat>
</total>
<tag>
<stat pass="1" fail="0">Smoke</stat>
</tag>
<suite>
<stat pass="2" fail="0" id="s1" name="Amazon">Amazon</stat>
</suite>
</statistics>
<errors>
</errors>
</robot>
