<?xml version="1.0" encoding="UTF-8"?>
<robot generator="Robot 3.1.1 (Python 3.7.2 on win32)" generated="20190405 11:29:46.824" rpa="false">
<suite id="s1" name="Front Office" source="D:\Git\github\Robot_Framework_Recap\Robot_Framework_Recap\Multiple_Scenario\tests\FrontOffice\Front_Office.robot">
<test id="s1-t1" name="Should be able to access &quot;Team&quot; page">
<kw name="Begin Web Test" library="CommonWeb" type="setup">
<kw name="Open Browser" library="SeleniumLibrary">
<doc>Opens a new browser instance to the given ``url``.</doc>
<arguments>
<arg>about:blank</arg>
<arg>${BROWSER}</arg>
</arguments>
<msg timestamp="20190405 11:29:46.977" level="INFO">Opening browser 'gc' to base url 'about:blank'.</msg>
<status status="PASS" starttime="20190405 11:29:46.977" endtime="20190405 11:29:49.051"></status>
</kw>
<status status="PASS" starttime="20190405 11:29:46.976" endtime="20190405 11:29:49.051"></status>
</kw>
<kw name="Go to Landing Page" library="FrontOfficeApp">
<kw name="Navigate To" library="FrontOffice.Landing">
<arguments>
<arg>${url2}</arg>
</arguments>
<msg timestamp="20190405 11:29:49.052" level="FAIL">Variable '${url2}' not found.</msg>
<status status="FAIL" starttime="20190405 11:29:49.052" endtime="20190405 11:29:49.052"></status>
</kw>
<status status="FAIL" starttime="20190405 11:29:49.051" endtime="20190405 11:29:49.053"></status>
</kw>
<kw name="End Web Test" library="CommonWeb" type="teardown">
<kw name="Close All Browsers" library="SeleniumLibrary">
<doc>Closes all open browsers and resets the browser cache.</doc>
<status status="PASS" starttime="20190405 11:29:49.053" endtime="20190405 11:29:51.116"></status>
</kw>
<status status="PASS" starttime="20190405 11:29:49.053" endtime="20190405 11:29:51.116"></status>
</kw>
<doc>This is test 1</doc>
<tags>
<tag>test1</tag>
</tags>
<status status="FAIL" starttime="20190405 11:29:46.976" endtime="20190405 11:29:51.116" critical="yes">Variable '${url2}' not found.</status>
</test>
<test id="s1-t2" name="&quot;Team&quot; page should match requirements">
<kw name="Begin Web Test" library="CommonWeb" type="setup">
<kw name="Open Browser" library="SeleniumLibrary">
<doc>Opens a new browser instance to the given ``url``.</doc>
<arguments>
<arg>about:blank</arg>
<arg>${BROWSER}</arg>
</arguments>
<msg timestamp="20190405 11:29:51.118" level="INFO">Opening browser 'gc' to base url 'about:blank'.</msg>
<status status="PASS" starttime="20190405 11:29:51.118" endtime="20190405 11:29:53.160"></status>
</kw>
<status status="PASS" starttime="20190405 11:29:51.118" endtime="20190405 11:29:53.160"></status>
</kw>
<kw name="Go to Landing Page" library="FrontOfficeApp">
<kw name="Navigate To" library="FrontOffice.Landing">
<arguments>
<arg>${url2}</arg>
</arguments>
<msg timestamp="20190405 11:29:53.162" level="FAIL">Variable '${url2}' not found.</msg>
<status status="FAIL" starttime="20190405 11:29:53.161" endtime="20190405 11:29:53.162"></status>
</kw>
<status status="FAIL" starttime="20190405 11:29:53.161" endtime="20190405 11:29:53.162"></status>
</kw>
<kw name="End Web Test" library="CommonWeb" type="teardown">
<kw name="Close All Browsers" library="SeleniumLibrary">
<doc>Closes all open browsers and resets the browser cache.</doc>
<status status="PASS" starttime="20190405 11:29:53.162" endtime="20190405 11:29:55.227"></status>
</kw>
<status status="PASS" starttime="20190405 11:29:53.162" endtime="20190405 11:29:55.227"></status>
</kw>
<doc>This is test 2</doc>
<tags>
<tag>test2</tag>
</tags>
<status status="FAIL" starttime="20190405 11:29:51.117" endtime="20190405 11:29:55.229" critical="yes">Variable '${url2}' not found.</status>
</test>
<doc>Talk about what this suite of tests does</doc>
<status status="FAIL" starttime="20190405 11:29:46.825" endtime="20190405 11:29:55.230"></status>
</suite>
<statistics>
<total>
<stat pass="0" fail="2">Critical Tests</stat>
<stat pass="0" fail="2">All Tests</stat>
</total>
<tag>
<stat pass="0" fail="1">test1</stat>
<stat pass="0" fail="1">test2</stat>
</tag>
<suite>
<stat pass="0" fail="2" id="s1" name="Front Office">Front Office</stat>
</suite>
</statistics>
<errors>
</errors>
</robot>
