<?xml version="1.0" encoding="UTF-8"?>
<robot generator="Robot 3.1.2 (Python 3.7.3 on win32)" generated="20190610 15:18:33.631" rpa="false">
<suite id="s1" name="Amazon" source="C:\Users\ryynapet\git\Robot_Framework_Recap\Robot_Framework_Recap\Amazon\Tests\Amazon.robot">
<kw name="Insert testing data" library="Common" type="setup">
<kw name="Log" library="BuiltIn">
<doc>Logs the given message with the given level.</doc>
<arguments>
<arg>Inserting testing data</arg>
</arguments>
<msg timestamp="20190610 15:18:34.703" level="INFO">Inserting testing data</msg>
<status status="PASS" starttime="20190610 15:18:34.703" endtime="20190610 15:18:34.703"></status>
</kw>
<status status="PASS" starttime="20190610 15:18:34.703" endtime="20190610 15:18:34.703"></status>
</kw>
<test id="s1-t1" name="User should not able to log in with invalid credentials">
<kw name="Begin web test" library="Common" type="setup">
<kw name="Open Browser" library="SeleniumLibrary">
<doc>Opens a new browser instance to the given ``url``.</doc>
<arguments>
<arg>about:blank</arg>
<arg>${BROWSER}</arg>
</arguments>
<msg timestamp="20190610 15:18:34.705" level="INFO">Opening browser 'gc' to base url 'about:blank'.</msg>
<status status="PASS" starttime="20190610 15:18:34.704" endtime="20190610 15:18:37.387"></status>
</kw>
<kw name="Maximize Browser Window" library="SeleniumLibrary">
<doc>Maximizes current browser window.</doc>
<status status="PASS" starttime="20190610 15:18:37.388" endtime="20190610 15:18:38.554"></status>
</kw>
<kw name="Set Selenium Implicit Wait" library="SeleniumLibrary">
<doc>Sets the implicit wait value used by Selenium.</doc>
<arguments>
<arg>${IMPLICIT_WAIT}</arg>
</arguments>
<status status="PASS" starttime="20190610 15:18:38.554" endtime="20190610 15:18:38.556"></status>
</kw>
<status status="PASS" starttime="20190610 15:18:34.704" endtime="20190610 15:18:38.556"></status>
</kw>
<kw name="Go to Url" library="AmazonUI">
<kw name="Load" library="LandingPage">
<kw name="Go To" library="SeleniumLibrary">
<doc>Navigates the active browser instance to the provided ``url``.</doc>
<arguments>
<arg>${START_URL}</arg>
</arguments>
<msg timestamp="20190610 15:18:38.557" level="INFO">Opening url 'http://www.amazon.com'</msg>
<status status="PASS" starttime="20190610 15:18:38.557" endtime="20190610 15:18:39.892"></status>
</kw>
<status status="PASS" starttime="20190610 15:18:38.557" endtime="20190610 15:18:39.892"></status>
</kw>
<status status="PASS" starttime="20190610 15:18:38.557" endtime="20190610 15:18:39.892"></status>
</kw>
<kw name="Click login button in topnav" library="AmazonUI">
<kw name="Click login button" library="TopNav">
<kw name="Click Element" library="SeleniumLibrary">
<doc>Click element identified by ``locator``.</doc>
<arguments>
<arg>${TOPNAV_LOGIN_BUTTON}</arg>
</arguments>
<msg timestamp="20190610 15:18:39.897" level="INFO">Clicking element '//span[contains(text(),'Hello, Sign in')]'.</msg>
<status status="PASS" starttime="20190610 15:18:39.897" endtime="20190610 15:18:40.850"></status>
</kw>
<status status="PASS" starttime="20190610 15:18:39.897" endtime="20190610 15:18:40.850"></status>
</kw>
<status status="PASS" starttime="20190610 15:18:39.896" endtime="20190610 15:18:40.850"></status>
</kw>
<kw name="Login with invalid credentials" library="AmazonUI">
<arguments>
<arg>${EMAIL}</arg>
<arg>${PASSWORD}</arg>
</arguments>
<kw name="Invalid credentials" library="SignIn">
<arguments>
<arg>${email}</arg>
<arg>${password}</arg>
</arguments>
<kw name="Fill email field" library="SignIn">
<arguments>
<arg>${email}</arg>
</arguments>
<kw name="Input Text" library="SeleniumLibrary">
<doc>Types the given ``text`` into text field identified by ``locator``.</doc>
<arguments>
<arg>${EMAIL_FIELD}</arg>
<arg>${email}</arg>
</arguments>
<msg timestamp="20190610 15:18:40.856" level="INFO">Typing text 'username' into text field 'id=ap_email'.</msg>
<status status="PASS" starttime="20190610 15:18:40.855" endtime="20190610 15:18:40.962"></status>
</kw>
<status status="PASS" starttime="20190610 15:18:40.854" endtime="20190610 15:18:40.962"></status>
</kw>
<kw name="Fill password field" library="SignIn">
<arguments>
<arg>${password}</arg>
</arguments>
<kw name="Input Password" library="SeleniumLibrary">
<doc>Types the given password into text field identified by ``locator``.</doc>
<arguments>
<arg>${PASSWORD_FIELD}</arg>
<arg>${password}</arg>
</arguments>
<msg timestamp="20190610 15:18:40.962" level="INFO">Typing password into text field 'id=ap_password'.</msg>
<status status="PASS" starttime="20190610 15:18:40.962" endtime="20190610 15:18:41.056"></status>
</kw>
<status status="PASS" starttime="20190610 15:18:40.962" endtime="20190610 15:18:41.056"></status>
</kw>
<kw name="Click sign in button" library="SignIn">
<kw name="Click Button" library="SeleniumLibrary">
<doc>Clicks button identified by ``locator``.</doc>
<arguments>
<arg>${SIGNIN_BUTTON}</arg>
</arguments>
<msg timestamp="20190610 15:18:41.056" level="INFO">Clicking button 'id=signInSubmit'.</msg>
<status status="PASS" starttime="20190610 15:18:41.056" endtime="20190610 15:18:41.982"></status>
</kw>
<status status="PASS" starttime="20190610 15:18:41.056" endtime="20190610 15:18:41.982"></status>
</kw>
<kw name="Element Text Should Be" library="SeleniumLibrary">
<doc>Verifies that element ``locator`` contains exact text ``expected``.</doc>
<arguments>
<arg>${SIGNIN_MAIN_HEADING}</arg>
<arg>Sign in</arg>
</arguments>
<msg timestamp="20190610 15:18:41.983" level="INFO">Verifying element '//h1' contains exact text 'Sign in'.</msg>
<status status="PASS" starttime="20190610 15:18:41.982" endtime="20190610 15:18:42.013"></status>
</kw>
<status status="PASS" starttime="20190610 15:18:40.853" endtime="20190610 15:18:42.013"></status>
</kw>
<status status="PASS" starttime="20190610 15:18:40.851" endtime="20190610 15:18:42.013"></status>
</kw>
<kw name="End web test" library="Common" type="teardown">
<kw name="Close Browser" library="SeleniumLibrary">
<doc>Closes the current browser.</doc>
<status status="PASS" starttime="20190610 15:18:42.014" endtime="20190610 15:18:44.325"></status>
</kw>
<status status="PASS" starttime="20190610 15:18:42.014" endtime="20190610 15:18:44.326"></status>
</kw>
<status status="PASS" starttime="20190610 15:18:34.704" endtime="20190610 15:18:44.327" critical="yes"></status>
</test>
<test id="s1-t2" name="User must sign in to check out">
<kw name="Begin web test" library="Common" type="setup">
<kw name="Open Browser" library="SeleniumLibrary">
<doc>Opens a new browser instance to the given ``url``.</doc>
<arguments>
<arg>about:blank</arg>
<arg>${BROWSER}</arg>
</arguments>
<msg timestamp="20190610 15:18:44.350" level="INFO">Opening browser 'gc' to base url 'about:blank'.</msg>
<status status="PASS" starttime="20190610 15:18:44.349" endtime="20190610 15:18:46.599"></status>
</kw>
<kw name="Maximize Browser Window" library="SeleniumLibrary">
<doc>Maximizes current browser window.</doc>
<status status="PASS" starttime="20190610 15:18:46.599" endtime="20190610 15:18:47.773"></status>
</kw>
<kw name="Set Selenium Implicit Wait" library="SeleniumLibrary">
<doc>Sets the implicit wait value used by Selenium.</doc>
<arguments>
<arg>${IMPLICIT_WAIT}</arg>
</arguments>
<status status="PASS" starttime="20190610 15:18:47.774" endtime="20190610 15:18:47.778"></status>
</kw>
<status status="PASS" starttime="20190610 15:18:44.348" endtime="20190610 15:18:47.778"></status>
</kw>
<kw name="Go to Url" library="AmazonUI">
<kw name="Load" library="LandingPage">
<kw name="Go To" library="SeleniumLibrary">
<doc>Navigates the active browser instance to the provided ``url``.</doc>
<arguments>
<arg>${START_URL}</arg>
</arguments>
<msg timestamp="20190610 15:18:47.789" level="INFO">Opening url 'http://www.amazon.com'</msg>
<status status="PASS" starttime="20190610 15:18:47.788" endtime="20190610 15:18:49.308"></status>
</kw>
<status status="PASS" starttime="20190610 15:18:47.787" endtime="20190610 15:18:49.308"></status>
</kw>
<status status="PASS" starttime="20190610 15:18:47.785" endtime="20190610 15:18:49.308"></status>
</kw>
<kw name="Search for products" library="AmazonUI">
<kw name="Verify page loaded" library="LandingPage">
<kw name="Wait Until Page Contains" library="SeleniumLibrary">
<doc>Waits until ``text`` appears on current page.</doc>
<arguments>
<arg>${YOUR_AMAZON_TOPNAV_LINK}</arg>
</arguments>
<status status="PASS" starttime="20190610 15:18:49.312" endtime="20190610 15:18:49.355"></status>
</kw>
<status status="PASS" starttime="20190610 15:18:49.312" endtime="20190610 15:18:49.355"></status>
</kw>
<kw name="Search for products in topnav" library="TopNav">
<kw name="Enter search term" library="TopNav">
<kw name="Input Text" library="SeleniumLibrary">
<doc>Types the given ``text`` into text field identified by ``locator``.</doc>
<arguments>
<arg>${TOPNAV_SEARCH_BAR}</arg>
<arg>${SEARCH_TERM}</arg>
</arguments>
<msg timestamp="20190610 15:18:49.356" level="INFO">Typing text 'Gantz Omnibus 1' into text field 'id=twotabsearchtextbox'.</msg>
<status status="PASS" starttime="20190610 15:18:49.356" endtime="20190610 15:18:49.490"></status>
</kw>
<status status="PASS" starttime="20190610 15:18:49.355" endtime="20190610 15:18:49.490"></status>
</kw>
<kw name="Submit search" library="TopNav">
<kw name="Click Button" library="SeleniumLibrary">
<doc>Clicks button identified by ``locator``.</doc>
<arguments>
<arg>${TOPNAV_SEARCH_BUTTON}</arg>
</arguments>
<msg timestamp="20190610 15:18:49.491" level="INFO">Clicking button '//input[@value='Go']'.</msg>
<status status="PASS" starttime="20190610 15:18:49.491" endtime="20190610 15:18:51.517"></status>
</kw>
<status status="PASS" starttime="20190610 15:18:49.490" endtime="20190610 15:18:51.517"></status>
</kw>
<status status="PASS" starttime="20190610 15:18:49.355" endtime="20190610 15:18:51.517"></status>
</kw>
<kw name="Verify search completed" library="SearchResults">
<kw name="Wait Until Page Contains" library="SeleniumLibrary">
<doc>Waits until ``text`` appears on current page.</doc>
<arguments>
<arg>${SEARCH_TERM}</arg>
</arguments>
<status status="PASS" starttime="20190610 15:18:51.518" endtime="20190610 15:18:51.540"></status>
</kw>
<status status="PASS" starttime="20190610 15:18:51.517" endtime="20190610 15:18:51.540"></status>
</kw>
<status status="PASS" starttime="20190610 15:18:49.310" endtime="20190610 15:18:51.540"></status>
</kw>
<kw name="Select product from search results" library="AmazonUI">
<kw name="Click product link" library="SearchResults">
<kw name="Click Element" library="SeleniumLibrary">
<doc>Click element identified by ``locator``.</doc>
<arguments>
<arg>${SEARCH_RESULT}</arg>
</arguments>
<msg timestamp="20190610 15:18:51.541" level="INFO">Clicking element '//span[contains(text(),'Gantz Omnibus Volume 1')]'.</msg>
<status status="PASS" starttime="20190610 15:18:51.541" endtime="20190610 15:18:53.214"></status>
</kw>
<status status="PASS" starttime="20190610 15:18:51.541" endtime="20190610 15:18:53.215"></status>
</kw>
<kw name="Verify page loaded" library="Product">
<kw name="Wait Until Page Contains" library="SeleniumLibrary">
<doc>Waits until ``text`` appears on current page.</doc>
<arguments>
<arg>Back to results</arg>
</arguments>
<status status="PASS" starttime="20190610 15:18:53.215" endtime="20190610 15:18:53.252"></status>
</kw>
<status status="PASS" starttime="20190610 15:18:53.215" endtime="20190610 15:18:53.253"></status>
</kw>
<status status="PASS" starttime="20190610 15:18:51.540" endtime="20190610 15:18:53.253"></status>
</kw>
<kw name="Add product to cart" library="AmazonUI">
<kw name="Add to cart" library="Product">
<kw name="Click Button" library="SeleniumLibrary">
<doc>Clicks button identified by ``locator``.</doc>
<arguments>
<arg>id:add-to-cart-button</arg>
</arguments>
<msg timestamp="20190610 15:18:53.254" level="INFO">Clicking button 'id:add-to-cart-button'.</msg>
<status status="PASS" starttime="20190610 15:18:53.254" endtime="20190610 15:18:54.283"></status>
</kw>
<status status="PASS" starttime="20190610 15:18:53.254" endtime="20190610 15:18:54.283"></status>
</kw>
<kw name="Verify Product Added" library="Cart">
<kw name="Wait Until Page Contains" library="SeleniumLibrary">
<doc>Waits until ``text`` appears on current page.</doc>
<arguments>
<arg>${ADDED_TO_CART_TEXT}</arg>
</arguments>
<status status="PASS" starttime="20190610 15:18:54.284" endtime="20190610 15:18:54.317"></status>
</kw>
<status status="PASS" starttime="20190610 15:18:54.283" endtime="20190610 15:18:54.317"></status>
</kw>
<status status="PASS" starttime="20190610 15:18:53.253" endtime="20190610 15:18:54.317"></status>
</kw>
<kw name="Begin checkout" library="AmazonUI">
<kw name="Proceed to checkout" library="Cart">
<kw name="Click Link" library="SeleniumLibrary">
<doc>Clicks a link identified by ``locator``.</doc>
<arguments>
<arg>${PROCEED_TO_CHECKOUT_BUTTON}</arg>
</arguments>
<msg timestamp="20190610 15:18:54.322" level="INFO">Clicking link 'id:hlb-ptc-btn-native'.</msg>
<status status="PASS" starttime="20190610 15:18:54.322" endtime="20190610 15:18:55.228"></status>
</kw>
<status status="PASS" starttime="20190610 15:18:54.321" endtime="20190610 15:18:55.228"></status>
</kw>
<kw name="Verify page loaded" library="SignIn">
<kw name="Page Should Contain Element" library="SeleniumLibrary">
<doc>Verifies that element ``locator`` is found on the current page.</doc>
<arguments>
<arg>${SIGNIN_MAIN_HEADING}</arg>
</arguments>
<msg timestamp="20190610 15:18:55.243" level="INFO">Current page contains element '//h1'.</msg>
<status status="PASS" starttime="20190610 15:18:55.228" endtime="20190610 15:18:55.243"></status>
</kw>
<kw name="Element Text Should Be" library="SeleniumLibrary">
<doc>Verifies that element ``locator`` contains exact text ``expected``.</doc>
<arguments>
<arg>${SIGNIN_MAIN_HEADING}</arg>
<arg>Sign in</arg>
</arguments>
<msg timestamp="20190610 15:18:55.243" level="INFO">Verifying element '//h1' contains exact text 'Sign in'.</msg>
<status status="PASS" starttime="20190610 15:18:55.243" endtime="20190610 15:18:55.267"></status>
</kw>
<status status="PASS" starttime="20190610 15:18:55.228" endtime="20190610 15:18:55.268"></status>
</kw>
<status status="PASS" starttime="20190610 15:18:54.321" endtime="20190610 15:18:55.268"></status>
</kw>
<kw name="End web test" library="Common" type="teardown">
<kw name="Close Browser" library="SeleniumLibrary">
<doc>Closes the current browser.</doc>
<status status="PASS" starttime="20190610 15:18:55.269" endtime="20190610 15:18:57.533"></status>
</kw>
<status status="PASS" starttime="20190610 15:18:55.268" endtime="20190610 15:18:57.533"></status>
</kw>
<doc>This is some basic info</doc>
<tags>
<tag>Smoke</tag>
</tags>
<status status="PASS" starttime="20190610 15:18:44.346" endtime="20190610 15:18:57.534" critical="yes"></status>
</test>
<kw name="Cleanup testing data" library="Common" type="teardown">
<kw name="Log" library="BuiltIn">
<doc>Logs the given message with the given level.</doc>
<arguments>
<arg>Cleaning up the testing dta</arg>
</arguments>
<msg timestamp="20190610 15:18:57.541" level="INFO">Cleaning up the testing dta</msg>
<status status="PASS" starttime="20190610 15:18:57.540" endtime="20190610 15:18:57.541"></status>
</kw>
<status status="PASS" starttime="20190610 15:18:57.539" endtime="20190610 15:18:57.541"></status>
</kw>
<status status="PASS" starttime="20190610 15:18:33.636" endtime="20190610 15:18:57.541"></status>
</suite>
<statistics>
<total>
<stat pass="2" fail="0">Critical Tests</stat>
<stat pass="2" fail="0">All Tests</stat>
</total>
<tag>
<stat pass="1" fail="0">Smoke</stat>
</tag>
<suite>
<stat pass="2" fail="0" id="s1" name="Amazon">Amazon</stat>
</suite>
</statistics>
<errors>
</errors>
</robot>
